<?xml version="1.0" encoding="UTF-8"?>
<testng-results skipped="0" failed="1" total="1" passed="0">
  <reporter-output>
  </reporter-output>
  <suite name="Default suite" duration-ms="60" started-at="2015-11-19T19:51:20Z" finished-at="2015-11-19T19:51:20Z">
    <groups>
    </groups>
    <test name="Default test" duration-ms="60" started-at="2015-11-19T19:51:20Z" finished-at="2015-11-19T19:51:20Z">
      <class name="com.hotel.Test.MyBooking.login.loginWithFacebook_Test">
        <test-method status="FAIL" signature="verify_login_Page()[pri:0, instance:com.hotel.Test.MyBooking.login.loginWithFacebook_Test@769c9116]" name="verify_login_Page" duration-ms="38" started-at="2015-11-20T01:21:20Z" finished-at="2015-11-20T01:21:20Z">
          <exception class="java.lang.NoClassDefFoundError">
            <message>
              <![CDATA[org/jsoup/nodes/Node]]>
            </message>
            <full-stacktrace>
              <![CDATA[java.lang.NoClassDefFoundError: org/jsoup/nodes/Node
	at com.relevantcodes.extentreports.ExtentReports.<init>(ExtentReports.java:46)
	at com.relevantcodes.extentreports.ExtentReports.<init>(ExtentReports.java:113)
	at com.hotel.Test.MyBooking.login.loginWithFacebook_Test.verify_login_Page(loginWithFacebook_Test.java:19)
	at sun.reflect.NativeMethodAccessorImpl.invoke0(Native Method)
	at sun.reflect.NativeMethodAccessorImpl.invoke(Unknown Source)
	at sun.reflect.DelegatingMethodAccessorImpl.invoke(Unknown Source)
	at java.lang.reflect.Method.invoke(Unknown Source)
	at org.testng.internal.MethodInvocationHelper.invokeMethod(MethodInvocationHelper.java:84)
	at org.testng.internal.Invoker.invokeMethod(Invoker.java:714)
	at org.testng.internal.Invoker.invokeTestMethod(Invoker.java:901)
	at org.testng.internal.Invoker.invokeTestMethods(Invoker.java:1231)
	at org.testng.internal.TestMethodWorker.invokeTestMethods(TestMethodWorker.java:127)
	at org.testng.internal.TestMethodWorker.run(TestMethodWorker.java:111)
	at org.testng.TestRunner.privateRun(TestRunner.java:767)
	at org.testng.TestRunner.run(TestRunner.java:617)
	at org.testng.SuiteRunner.runTest(SuiteRunner.java:334)
	at org.testng.SuiteRunner.runSequentially(SuiteRunner.java:329)
	at org.testng.SuiteRunner.privateRun(SuiteRunner.java:291)
	at org.testng.SuiteRunner.run(SuiteRunner.java:240)
	at org.testng.SuiteRunnerWorker.runSuite(SuiteRunnerWorker.java:52)
	at org.testng.SuiteRunnerWorker.run(SuiteRunnerWorker.java:86)
	at org.testng.TestNG.runSuitesSequentially(TestNG.java:1224)
	at org.testng.TestNG.runSuitesLocally(TestNG.java:1149)
	at org.testng.TestNG.run(TestNG.java:1057)
	at org.testng.remote.RemoteTestNG.run(RemoteTestNG.java:111)
	at org.testng.remote.RemoteTestNG.initAndRun(RemoteTestNG.java:204)
	at org.testng.remote.RemoteTestNG.main(RemoteTestNG.java:175)
Caused by: java.lang.ClassNotFoundException: org.jsoup.nodes.Node
	at java.net.URLClassLoader.findClass(Unknown Source)
	at java.lang.ClassLoader.loadClass(Unknown Source)
	at sun.misc.Launcher$AppClassLoader.loadClass(Unknown Source)
	at java.lang.ClassLoader.loadClass(Unknown Source)
	... 27 more
]]>
            </full-stacktrace>
          </exception> <!-- java.lang.NoClassDefFoundError -->
          <reporter-output>
          </reporter-output>
        </test-method> <!-- verify_login_Page -->
      </class> <!-- com.hotel.Test.MyBooking.login.loginWithFacebook_Test -->
    </test> <!-- Default test -->
  </suite> <!-- Default suite -->
</testng-results>
